#
# There is insufficient memory for the Java Runtime Environment to continue.
# Native memory allocation (malloc) failed to allocate 1048576 bytes for AllocateHeap
# Possible reasons:
#   The system is out of physical RAM or swap space
#   The process is running with CompressedOops enabled, and the Java Heap may be blocking the growth of the native heap
# Possible solutions:
#   Reduce memory load on the system
#   Increase physical memory or swap space
#   Check if swap backing store is full
#   Decrease Java heap size (-Xmx/-Xms)
#   Decrease number of Java threads
#   Decrease Java thread stack sizes (-Xss)
#   Set larger code cache with -XX:ReservedCodeCacheSize=
#   JVM is running with Zero Based Compressed Oops mode in which the Java heap is
#     placed in the first 32GB address space. The Java Heap base address is the
#     maximum limit for the native heap growth. Please use -XX:HeapBaseMinAddress
#     to set the Java Heap base and to place the Java Heap above 32GB virtual address.
# This output file may be truncated or incomplete.
#
#  Out of Memory Error (allocation.cpp:44), pid=20908, tid=27656
#
# JRE version:  (21.0.2+13) (build )
# Java VM: OpenJDK 64-Bit Server VM (21.0.2+13-58, mixed mode, sharing, tiered, compressed oops, compressed class ptrs, g1 gc, windows-amd64)
# No core dump will be written. Minidumps are not enabled by default on client versions of Windows
#

---------------  S U M M A R Y ------------

Command Line: -javaagent:C:\Program Files\JetBrains\IntelliJ IDEA 2023.3.2\lib\idea_rt.jar=60345:C:\Program Files\JetBrains\IntelliJ IDEA 2023.3.2\bin -Dfile.encoding=UTF-8 -Dsun.stdout.encoding=UTF-8 -Dsun.stderr.encoding=UTF-8 pl.edu.agh.hangman.Hangman

Host: AMD Ryzen 7 7735HS with Radeon Graphics        , 16 cores, 31G,  Windows 11 , 64 bit Build 22621 (10.0.22621.2506)
Time: Sun Feb  4 09:22:11 2024  Windows 11 , 64 bit Build 22621 (10.0.22621.2506) elapsed time: 0.010700 seconds (0d 0h 0m 0s)

---------------  T H R E A D  ---------------

Current thread (0x0000024b1de93220):  JavaThread "Unknown thread" [_thread_in_vm, id=27656, stack(0x000000b14c700000,0x000000b14c800000) (1024K)]

Stack: [0x000000b14c700000,0x000000b14c800000]
Native frames: (J=compiled Java code, j=interpreted, Vv=VM code, C=native code)
V  [jvm.dll+0x6cade9]
V  [jvm.dll+0x8569c1]
V  [jvm.dll+0x858d2e]
V  [jvm.dll+0x859413]
V  [jvm.dll+0x280e56]
V  [jvm.dll+0xbeb17]
V  [jvm.dll+0x331af5]
V  [jvm.dll+0x32a141]
V  [jvm.dll+0x81efa9]
V  [jvm.dll+0x3bba01]
V  [jvm.dll+0x807928]
V  [jvm.dll+0x44f50e]
V  [jvm.dll+0x450e11]
C  [jli.dll+0x52a3]
C  [ucrtbase.dll+0x29363]
C  [KERNEL32.DLL+0x1257d]
C  [ntdll.dll+0x5aa58]


---------------  P R O C E S S  ---------------

Threads class SMR info:
_java_thread_list=0x00007ffb6721bb88, length=0, elements={
}

Java Threads: ( => current thread )
Total: 0

Other Threads:
  0x0000024b1e13bb30 WorkerThread "GC Thread#0"                     [id=31760, stack(0x000000b14c800000,0x000000b14c900000) (1024K)]

[error occurred during error reporting (printing all threads), id 0xc0000005, EXCEPTION_ACCESS_VIOLATION (0xc0000005) at pc=0x00007ffb66986680]
VM state: not at safepoint (not fully initialized)

VM Mutex/Monitor currently owned by a thread:  ([mutex/lock_event])
[0x00007ffb6728ce68] Heap_lock - owner thread: 0x0000024b1de93220

Heap address: 0x000000060c000000, size: 8000 MB, Compressed Oops mode: Zero based, Oop shift amount: 3

CDS archive(s) mapped at: [0x0000000000000000-0x0000000000000000-0x0000000000000000), size 0, SharedBaseAddress: 0x0000000800000000, ArchiveRelocationMode: 1.
Narrow klass base: 0x0000000000000000, Narrow klass shift: 0, Narrow klass range: 0x0

GC Precious Log:
 CardTable entry size: 512
 Card Set container configuration: InlinePtr #cards 4 size 8 Array Of Cards #cards 32 size 80 Howl #buckets 8 coarsen threshold 7372 Howl Bitmap #cards 1024 size 144 coarsen threshold 921 Card regions per heap region 1 cards per card region 8192

Heap:
 garbage-first heap   total 0K, used 0K [0x000000060c000000, 0x0000000800000000)
  region size 4096K, 0 young (0K), 0 survivors (0K)

[error occurred during error reporting (printing heap information), id 0xc0000005, EXCEPTION_ACCESS_VIOLATION (0xc0000005) at pc=0x00007ffb66d739f9]
GC Heap History (0 events):
No events

Dll operation events (1 events):
Event: 0.008 Loaded shared library C:\Users\asiak\.jdks\openjdk-21.0.2\bin\java.dll

Deoptimization events (0 events):
No events

Classes loaded (0 events):
No events

Classes unloaded (0 events):
No events

Classes redefined (0 events):
No events

Internal exceptions (0 events):
No events

ZGC Phase Switch (0 events):
No events

VM Operations (0 events):
No events

Events (0 events):
No events


Dynamic libraries:
0x00007ff7f3c50000 - 0x00007ff7f3c5e000 	C:\Users\asiak\.jdks\openjdk-21.0.2\bin\java.exe
0x00007ffbcf810000 - 0x00007ffbcfa27000 	C:\Windows\SYSTEM32\ntdll.dll
0x00007ffbcddd0000 - 0x00007ffbcde94000 	C:\Windows\System32\KERNEL32.DLL
0x00007ffbccc70000 - 0x00007ffbcd016000 	C:\Windows\System32\KERNELBASE.dll
0x00007ffbcd050000 - 0x00007ffbcd161000 	C:\Windows\System32\ucrtbase.dll
0x00007ffbbaa20000 - 0x00007ffbbaa38000 	C:\Users\asiak\.jdks\openjdk-21.0.2\bin\jli.dll
0x00007ffbb9e10000 - 0x00007ffbb9e2b000 	C:\Users\asiak\.jdks\openjdk-21.0.2\bin\VCRUNTIME140.dll
0x00007ffbce9a0000 - 0x00007ffbceb4e000 	C:\Windows\System32\USER32.dll
0x00007ffbcd530000 - 0x00007ffbcd556000 	C:\Windows\System32\win32u.dll
0x00007ffbcf760000 - 0x00007ffbcf789000 	C:\Windows\System32\GDI32.dll
0x00007ffbccb50000 - 0x00007ffbccc68000 	C:\Windows\System32\gdi32full.dll
0x00007ffbc3860000 - 0x00007ffbc3af3000 	C:\Windows\WinSxS\amd64_microsoft.windows.common-controls_6595b64144ccf1df_6.0.22621.2506_none_270c5ae97388e100\COMCTL32.dll
0x00007ffbcd320000 - 0x00007ffbcd3ba000 	C:\Windows\System32\msvcp_win.dll
0x00007ffbcf6b0000 - 0x00007ffbcf757000 	C:\Windows\System32\msvcrt.dll
0x00007ffbcf790000 - 0x00007ffbcf7c1000 	C:\Windows\System32\IMM32.DLL
0x00007ffbbd5c0000 - 0x00007ffbbd5cc000 	C:\Users\asiak\.jdks\openjdk-21.0.2\bin\vcruntime140_1.dll
0x00007ffbb0180000 - 0x00007ffbb020e000 	C:\Users\asiak\.jdks\openjdk-21.0.2\bin\msvcp140.dll
0x00007ffb66650000 - 0x00007ffb67367000 	C:\Users\asiak\.jdks\openjdk-21.0.2\bin\server\jvm.dll
0x00007ffbcdc70000 - 0x00007ffbcdd23000 	C:\Windows\System32\ADVAPI32.dll
0x00007ffbceb50000 - 0x00007ffbcebf8000 	C:\Windows\System32\sechost.dll
0x00007ffbcd020000 - 0x00007ffbcd048000 	C:\Windows\System32\bcrypt.dll
0x00007ffbcdea0000 - 0x00007ffbcdfb7000 	C:\Windows\System32\RPCRT4.dll
0x00007ffbcdab0000 - 0x00007ffbcdb21000 	C:\Windows\System32\WS2_32.dll
0x00007ffbc1030000 - 0x00007ffbc103a000 	C:\Windows\SYSTEM32\VERSION.dll
0x00007ffbcb990000 - 0x00007ffbcb9dd000 	C:\Windows\SYSTEM32\POWRPROF.dll
0x00007ffbc4910000 - 0x00007ffbc4944000 	C:\Windows\SYSTEM32\WINMM.dll
0x00007ffbcb970000 - 0x00007ffbcb983000 	C:\Windows\SYSTEM32\UMPDC.dll
0x00007ffbcbc30000 - 0x00007ffbcbc48000 	C:\Windows\SYSTEM32\kernel.appcore.dll
0x00007ffbbd4b0000 - 0x00007ffbbd4ba000 	C:\Users\asiak\.jdks\openjdk-21.0.2\bin\jimage.dll
0x00007ffbc9ef0000 - 0x00007ffbca123000 	C:\Windows\SYSTEM32\DBGHELP.DLL
0x00007ffbceda0000 - 0x00007ffbcf129000 	C:\Windows\System32\combase.dll
0x00007ffbcec60000 - 0x00007ffbced37000 	C:\Windows\System32\OLEAUT32.dll
0x00007ffbc1050000 - 0x00007ffbc1082000 	C:\Windows\SYSTEM32\dbgcore.DLL
0x00007ffbcd2a0000 - 0x00007ffbcd31a000 	C:\Windows\System32\bcryptPrimitives.dll
0x00007ffbb97a0000 - 0x00007ffbb97af000 	C:\Users\asiak\.jdks\openjdk-21.0.2\bin\instrument.dll
0x00007ffbb9a20000 - 0x00007ffbb9a3f000 	C:\Users\asiak\.jdks\openjdk-21.0.2\bin\java.dll

dbghelp: loaded successfully - version: 4.0.5 - missing functions: none
symbol engine: initialized successfully - sym options: 0x614 - pdb path: .;C:\Users\asiak\.jdks\openjdk-21.0.2\bin;C:\Windows\SYSTEM32;C:\Windows\WinSxS\amd64_microsoft.windows.common-controls_6595b64144ccf1df_6.0.22621.2506_none_270c5ae97388e100;C:\Users\asiak\.jdks\openjdk-21.0.2\bin\server

VM Arguments:
jvm_args: -javaagent:C:\Program Files\JetBrains\IntelliJ IDEA 2023.3.2\lib\idea_rt.jar=60345:C:\Program Files\JetBrains\IntelliJ IDEA 2023.3.2\bin -Dfile.encoding=UTF-8 -Dsun.stdout.encoding=UTF-8 -Dsun.stderr.encoding=UTF-8 
java_command: pl.edu.agh.hangman.Hangman
java_class_path (initial): C:\dev\Studia_MWO\Persystencja\java-hangman\target\classes
Launcher Type: SUN_STANDARD

[Global flags]
     intx CICompilerCount                          = 12                                        {product} {ergonomic}
     uint ConcGCThreads                            = 3                                         {product} {ergonomic}
     uint G1ConcRefinementThreads                  = 13                                        {product} {ergonomic}
   size_t G1HeapRegionSize                         = 4194304                                   {product} {ergonomic}
    uintx GCDrainStackTargetSize                   = 64                                        {product} {ergonomic}
   size_t InitialHeapSize                          = 524288000                                 {product} {ergonomic}
   size_t MarkStackSize                            = 4194304                                   {product} {ergonomic}
   size_t MaxHeapSize                              = 8388608000                                {product} {ergonomic}
   size_t MinHeapDeltaBytes                        = 4194304                                   {product} {ergonomic}
   size_t MinHeapSize                              = 8388608                                   {product} {ergonomic}
    uintx NonNMethodCodeHeapSize                   = 7602480                                {pd product} {ergonomic}
    uintx NonProfiledCodeHeapSize                  = 122027880                              {pd product} {ergonomic}
    uintx ProfiledCodeHeapSize                     = 122027880                              {pd product} {ergonomic}
    uintx ReservedCodeCacheSize                    = 251658240                              {pd product} {ergonomic}
     bool SegmentedCodeCache                       = true                                      {product} {ergonomic}
   size_t SoftMaxHeapSize                          = 8388608000                             {manageable} {ergonomic}
     bool UseCompressedOops                        = true                           {product lp64_product} {ergonomic}
     bool UseG1GC                                  = true                                      {product} {ergonomic}
     bool UseLargePagesIndividualAllocation        = false                                  {pd product} {ergonomic}

Logging:
Log output configuration:
 #0: stdout all=warning uptime,level,tags foldmultilines=false
 #1: stderr all=off uptime,level,tags foldmultilines=false

Environment Variables:
PATH=C:\Windows\system32;C:\Windows;C:\Windows\System32\Wbem;C:\Windows\System32\WindowsPowerShell\v1.0\;C:\Windows\System32\OpenSSH\;C:\Program Files (x86)\NVIDIA Corporation\PhysX\Common;C:\Program Files\NVIDIA Corporation\NVIDIA NvDLISR;C:\Program Files\dotnet\;C:\Program Files\Git\cmd;C:\Program Files (x86)\Microsoft SQL Server\160\Tools\Binn\;C:\Program Files\Microsoft SQL Server\160\Tools\Binn\;C:\Program Files\Microsoft SQL Server\Client SDK\ODBC\170\Tools\Binn\;C:\Program Files\Microsoft SQL Server\160\DTS\Binn\;C:\Program Files (x86)\Microsoft SQL Server\160\DTS\Binn\;C:\Program Files\Azure Data Studio\bin;C:\Users\asiak\AppData\Local\Microsoft\WindowsApps;C:\Program Files\JetBrains\IntelliJ IDEA 2023.3.2\bin;;C:\Users\asiak\AppData\Local\GitHubDesktop\bin;C:\Program Files\Azure Data Studio\bin
USERNAME=asiak
OS=Windows_NT
PROCESSOR_IDENTIFIER=AMD64 Family 25 Model 68 Stepping 1, AuthenticAMD
TMP=C:\Users\asiak\AppData\Local\Temp
TEMP=C:\Users\asiak\AppData\Local\Temp




Periodic native trim disabled

---------------  S Y S T E M  ---------------

OS:
 Windows 11 , 64 bit Build 22621 (10.0.22621.2506)
OS uptime: 1 days 1:42 hours
Hyper-V role detected

CPU: total 16 (initial active 16) (16 cores per cpu, 2 threads per core) family 25 model 68 stepping 1 microcode 0x0, cx8, cmov, fxsr, ht, mmx, 3dnowpref, sse, sse2, sse3, ssse3, sse4a, sse4.1, sse4.2, popcnt, lzcnt, tsc, tscinvbit, avx, avx2, aes, erms, clmul, bmi1, bmi2, adx, sha, fma, vzeroupper, clflush, clflushopt, hv, rdtscp, rdpid, fsrm, f16c, cet_ss
Processor Information for all 16 processors :
  Max Mhz: 3201, Current Mhz: 3201, Mhz Limit: 3201

Memory: 4k page, system-wide physical 31995M (18871M free)
TotalPageFile size 89548M (AvailPageFile size 5M)
current process WorkingSet (physical memory assigned to process): 11M, peak: 11M
current process commit charge ("private bytes"): 62M, peak: 63M

vm_info: OpenJDK 64-Bit Server VM (21.0.2+13-58) for windows-amd64 JRE (21.0.2+13-58), built on 2024-01-05T18:32:24Z by "mach5one" with MS VC++ 17.1 (VS2022)

END.
